{
  "stats": {
    "suites": 1,
    "tests": 1,
    "passes": 1,
    "pending": 0,
    "failures": 0,
    "start": "2026-05-17T22:23:01.547Z",
    "end": "2026-05-17T22:23:01.863Z",
    "duration": 316,
    "testsRegistered": 1,
    "passPercent": 100,
    "pendingPercent": 0,
    "other": 0,
    "hasOther": false,
    "skipped": 0,
    "hasSkipped": false
  },
  "results": [
    {
      "uuid": "84586eb3-8f7a-493f-847c-b36a2312c346",
      "title": "",
      "fullFile": "cypress\\e2e\\api\\loginInvalidAPI.cy.js",
      "file": "cypress\\e2e\\api\\loginInvalidAPI.cy.js",
      "beforeHooks": [],
      "afterHooks": [],
      "tests": [],
      "suites": [
        {
          "uuid": "0d97344b-aeb7-47cb-b1b6-ac04df35d0cc",
          "title": "Invalid Login API",
          "fullFile": "",
          "file": "",
          "beforeHooks": [],
          "afterHooks": [],
          "tests": [
            {
              "title": "Should not login with invalid credentials",
              "fullTitle": "Invalid Login API Should not login with invalid credentials",
              "timedOut": null,
              "duration": 266,
              "state": "passed",
              "speed": "fast",
              "pass": true,
              "fail": false,
              "pending": false,
              "context": null,
              "code": "const credentials = {\n  email: \"invalid@email.com\",\n  password: \"wrongPassword\"\n};\n_authService.AuthService.login(credentials, false).then(response => {\n  expect(response.status).to.eq(401);\n  expect(response.body.message).to.eq(\"Email e/ou senha inválidos\");\n});",
              "err": {},
              "uuid": "858e811b-a9be-46b7-8418-48c2073cac31",
              "parentUUID": "0d97344b-aeb7-47cb-b1b6-ac04df35d0cc",
              "isHook": false,
              "skipped": false
            }
          ],
          "suites": [],
          "passes": [
            "858e811b-a9be-46b7-8418-48c2073cac31"
          ],
          "failures": [],
          "pending": [],
          "skipped": [],
          "duration": 266,
          "root": false,
          "rootEmpty": false,
          "_timeout": 2000
        }
      ],
      "passes": [],
      "failures": [],
      "pending": [],
      "skipped": [],
      "duration": 0,
      "root": true,
      "rootEmpty": true,
      "_timeout": 2000
    }
  ],
  "meta": {
    "mocha": {
      "version": "7.2.0"
    },
    "mochawesome": {
      "options": {
        "quiet": false,
        "reportFilename": "mochawesome",
        "saveHtml": true,
        "saveJson": true,
        "consoleReporter": "spec",
        "useInlineDiffs": false,
        "code": true
      },
      "version": "7.1.4"
    },
    "marge": {
      "options": {
        "reportDir": "cypress/reports/mochawesome",
        "overwrite": false,
        "html": true,
        "json": true
      },
      "version": "6.3.2"
    }
  }
}