{
  "stats": {
    "suites": 1,
    "tests": 1,
    "passes": 1,
    "pending": 0,
    "failures": 0,
    "start": "2026-05-18T00:18:34.808Z",
    "end": "2026-05-18T00:18:35.213Z",
    "duration": 405,
    "testsRegistered": 1,
    "passPercent": 100,
    "pendingPercent": 0,
    "other": 0,
    "hasOther": false,
    "skipped": 0,
    "hasSkipped": false
  },
  "results": [
    {
      "uuid": "46e952ba-ab93-4de7-a098-fddf1ffd6ea8",
      "title": "",
      "fullFile": "cypress\\e2e\\api\\getProducts.cy.js",
      "file": "cypress\\e2e\\api\\getProducts.cy.js",
      "beforeHooks": [],
      "afterHooks": [],
      "tests": [],
      "suites": [
        {
          "uuid": "0fa229bd-53fc-4426-8c82-f4749affc6bb",
          "title": "Get Products API",
          "fullFile": "",
          "file": "",
          "beforeHooks": [],
          "afterHooks": [],
          "tests": [
            {
              "title": "Should list products successfully",
              "fullTitle": "Get Products API Should list products successfully",
              "timedOut": null,
              "duration": 344,
              "state": "passed",
              "speed": "fast",
              "pass": true,
              "fail": false,
              "pending": false,
              "context": null,
              "code": "_productService.ProductService.getProducts().then(response => {\n  expect(response.status).to.eq(200);\n  expect(response.duration).to.be.lessThan(4000);\n  const ajv = new _ajv.default();\n  const validate = ajv.compile(_productSchema.productSchema);\n  const valid = validate(response.body);\n  expect(valid).to.eq(true);\n});",
              "err": {},
              "uuid": "30d8f9b2-5bcf-4681-acef-fd332784380b",
              "parentUUID": "0fa229bd-53fc-4426-8c82-f4749affc6bb",
              "isHook": false,
              "skipped": false
            }
          ],
          "suites": [],
          "passes": [
            "30d8f9b2-5bcf-4681-acef-fd332784380b"
          ],
          "failures": [],
          "pending": [],
          "skipped": [],
          "duration": 344,
          "root": false,
          "rootEmpty": false,
          "_timeout": 2000
        }
      ],
      "passes": [],
      "failures": [],
      "pending": [],
      "skipped": [],
      "duration": 0,
      "root": true,
      "rootEmpty": true,
      "_timeout": 2000
    }
  ],
  "meta": {
    "mocha": {
      "version": "7.2.0"
    },
    "mochawesome": {
      "options": {
        "quiet": false,
        "reportFilename": "mochawesome",
        "saveHtml": true,
        "saveJson": true,
        "consoleReporter": "spec",
        "useInlineDiffs": false,
        "code": true
      },
      "version": "7.1.4"
    },
    "marge": {
      "options": {
        "reportDir": "cypress/reports/mochawesome",
        "overwrite": false,
        "html": true,
        "json": true
      },
      "version": "6.3.2"
    }
  }
}