{
  "stats": {
    "suites": 1,
    "tests": 1,
    "passes": 1,
    "pending": 0,
    "failures": 0,
    "start": "2026-05-17T22:59:11.466Z",
    "end": "2026-05-17T22:59:16.208Z",
    "duration": 4742,
    "testsRegistered": 1,
    "passPercent": 100,
    "pendingPercent": 0,
    "other": 0,
    "hasOther": false,
    "skipped": 0,
    "hasSkipped": false
  },
  "results": [
    {
      "uuid": "3766b192-3791-45a7-8aa9-76594c1ddab3",
      "title": "",
      "fullFile": "cypress\\e2e\\frontend\\invalidLogin.cy.js",
      "file": "cypress\\e2e\\frontend\\invalidLogin.cy.js",
      "beforeHooks": [],
      "afterHooks": [],
      "tests": [],
      "suites": [
        {
          "uuid": "8dc1ffff-b52d-4944-a938-a5ffd93dc57c",
          "title": "Invalid Login Frontend",
          "fullFile": "",
          "file": "",
          "beforeHooks": [],
          "afterHooks": [],
          "tests": [
            {
              "title": "Should display error message for invalid credentials",
              "fullTitle": "Invalid Login Frontend Should display error message for invalid credentials",
              "timedOut": null,
              "duration": 4680,
              "state": "passed",
              "speed": "fast",
              "pass": true,
              "fail": false,
              "pending": false,
              "context": null,
              "code": "loginPage.accessLoginPage();\nloginPage.fillEmail('invalid@email.com');\nloginPage.fillPassword('wrongPassword');\nloginPage.clickLogin();\ncy.contains('Email e/ou senha inválidos').should('be.visible');",
              "err": {},
              "uuid": "ebcfbc89-9552-4480-8e41-23ec2af894fd",
              "parentUUID": "8dc1ffff-b52d-4944-a938-a5ffd93dc57c",
              "isHook": false,
              "skipped": false
            }
          ],
          "suites": [],
          "passes": [
            "ebcfbc89-9552-4480-8e41-23ec2af894fd"
          ],
          "failures": [],
          "pending": [],
          "skipped": [],
          "duration": 4680,
          "root": false,
          "rootEmpty": false,
          "_timeout": 2000
        }
      ],
      "passes": [],
      "failures": [],
      "pending": [],
      "skipped": [],
      "duration": 0,
      "root": true,
      "rootEmpty": true,
      "_timeout": 2000
    }
  ],
  "meta": {
    "mocha": {
      "version": "7.2.0"
    },
    "mochawesome": {
      "options": {
        "quiet": false,
        "reportFilename": "mochawesome",
        "saveHtml": true,
        "saveJson": true,
        "consoleReporter": "spec",
        "useInlineDiffs": false,
        "code": true
      },
      "version": "7.1.4"
    },
    "marge": {
      "options": {
        "reportDir": "cypress/reports/mochawesome",
        "overwrite": false,
        "html": true,
        "json": true
      },
      "version": "6.3.2"
    }
  }
}