{
  "stats": {
    "suites": 1,
    "tests": 1,
    "passes": 1,
    "pending": 0,
    "failures": 0,
    "start": "2026-05-17T22:22:55.861Z",
    "end": "2026-05-17T22:22:56.497Z",
    "duration": 636,
    "testsRegistered": 1,
    "passPercent": 100,
    "pendingPercent": 0,
    "other": 0,
    "hasOther": false,
    "skipped": 0,
    "hasSkipped": false
  },
  "results": [
    {
      "uuid": "2bf376fd-a8df-4fcf-94f1-2f099a7a05ac",
      "title": "",
      "fullFile": "cypress\\e2e\\api\\loginAPI.cy.js",
      "file": "cypress\\e2e\\api\\loginAPI.cy.js",
      "beforeHooks": [],
      "afterHooks": [],
      "tests": [],
      "suites": [
        {
          "uuid": "95eee8de-4b7d-4f9a-95e2-d1bb30181e9d",
          "title": "Login API",
          "fullFile": "",
          "file": "",
          "beforeHooks": [],
          "afterHooks": [],
          "tests": [
            {
              "title": "Should login successfully",
              "fullTitle": "Login API Should login successfully",
              "timedOut": null,
              "duration": 589,
              "state": "passed",
              "speed": "fast",
              "pass": true,
              "fail": false,
              "pending": false,
              "context": null,
              "code": "const user = _userFactory.UserFactory.createUser();\n_userService.UserService.createUser(user).then(() => {\n  const credentials = {\n    email: user.email,\n    password: user.password\n  };\n  _authService.AuthService.login(credentials).then(response => {\n    expect(response.status).to.eq(200);\n    expect(response.body.message).to.eq(\"Login realizado com sucesso\");\n    expect(response.body).to.have.property(\"authorization\");\n  });\n});",
              "err": {},
              "uuid": "6f0cb862-31f8-469c-a5c7-81de99513e5d",
              "parentUUID": "95eee8de-4b7d-4f9a-95e2-d1bb30181e9d",
              "isHook": false,
              "skipped": false
            }
          ],
          "suites": [],
          "passes": [
            "6f0cb862-31f8-469c-a5c7-81de99513e5d"
          ],
          "failures": [],
          "pending": [],
          "skipped": [],
          "duration": 589,
          "root": false,
          "rootEmpty": false,
          "_timeout": 2000
        }
      ],
      "passes": [],
      "failures": [],
      "pending": [],
      "skipped": [],
      "duration": 0,
      "root": true,
      "rootEmpty": true,
      "_timeout": 2000
    }
  ],
  "meta": {
    "mocha": {
      "version": "7.2.0"
    },
    "mochawesome": {
      "options": {
        "quiet": false,
        "reportFilename": "mochawesome",
        "saveHtml": true,
        "saveJson": true,
        "consoleReporter": "spec",
        "useInlineDiffs": false,
        "code": true
      },
      "version": "7.1.4"
    },
    "marge": {
      "options": {
        "reportDir": "cypress/reports/mochawesome",
        "overwrite": false,
        "html": true,
        "json": true
      },
      "version": "6.3.2"
    }
  }
}