{
  "stats": {
    "suites": 1,
    "tests": 1,
    "passes": 1,
    "pending": 0,
    "failures": 0,
    "start": "2026-05-18T00:19:19.885Z",
    "end": "2026-05-18T00:19:29.438Z",
    "duration": 9553,
    "testsRegistered": 1,
    "passPercent": 100,
    "pendingPercent": 0,
    "other": 0,
    "hasOther": false,
    "skipped": 0,
    "hasSkipped": false
  },
  "results": [
    {
      "uuid": "7dcb16bc-bf1d-4e35-8268-8ce9d9151948",
      "title": "",
      "fullFile": "cypress\\e2e\\frontend\\product.cy.js",
      "file": "cypress\\e2e\\frontend\\product.cy.js",
      "beforeHooks": [],
      "afterHooks": [],
      "tests": [],
      "suites": [
        {
          "uuid": "41a482c4-d59e-45df-9875-2d3db6e44cbd",
          "title": "Product Frontend",
          "fullFile": "",
          "file": "",
          "beforeHooks": [],
          "afterHooks": [],
          "tests": [
            {
              "title": "Should register product successfully",
              "fullTitle": "Product Frontend Should register product successfully",
              "timedOut": null,
              "duration": 9486,
              "state": "passed",
              "speed": "medium",
              "pass": true,
              "fail": false,
              "pending": false,
              "context": null,
              "code": "const product = _productFactory.ProductFactory.createProduct();\ncy.login(this.createdUser.email, this.createdUser.password);\ncy.url().should('include', '/home');\nproductPage.accessProductPage();\nproductPage.fillProductName(product.name);\nproductPage.fillPrice(product.price);\nproductPage.fillDescription(product.description);\nproductPage.fillQuantity(product.quantity);\nproductPage.clickRegisterProduct();\ncy.url().should('include', '/admin/listarprodutos');\ncy.contains(product.name).should('be.visible');",
              "err": {},
              "uuid": "1a225bd8-62ad-4ee4-bfb3-10301cc2639e",
              "parentUUID": "41a482c4-d59e-45df-9875-2d3db6e44cbd",
              "isHook": false,
              "skipped": false
            }
          ],
          "suites": [],
          "passes": [
            "1a225bd8-62ad-4ee4-bfb3-10301cc2639e"
          ],
          "failures": [],
          "pending": [],
          "skipped": [],
          "duration": 9486,
          "root": false,
          "rootEmpty": false,
          "_timeout": 2000
        }
      ],
      "passes": [],
      "failures": [],
      "pending": [],
      "skipped": [],
      "duration": 0,
      "root": true,
      "rootEmpty": true,
      "_timeout": 2000
    }
  ],
  "meta": {
    "mocha": {
      "version": "7.2.0"
    },
    "mochawesome": {
      "options": {
        "quiet": false,
        "reportFilename": "mochawesome",
        "saveHtml": true,
        "saveJson": true,
        "consoleReporter": "spec",
        "useInlineDiffs": false,
        "code": true
      },
      "version": "7.1.4"
    },
    "marge": {
      "options": {
        "reportDir": "cypress/reports/mochawesome",
        "overwrite": false,
        "html": true,
        "json": true
      },
      "version": "6.3.2"
    }
  }
}