{
  "stats": {
    "suites": 1,
    "tests": 1,
    "passes": 1,
    "pending": 0,
    "failures": 0,
    "start": "2026-05-17T21:40:59.746Z",
    "end": "2026-05-17T21:41:00.594Z",
    "duration": 848,
    "testsRegistered": 1,
    "passPercent": 100,
    "pendingPercent": 0,
    "other": 0,
    "hasOther": false,
    "skipped": 0,
    "hasSkipped": false
  },
  "results": [
    {
      "uuid": "4691a723-a0b5-4552-a2cb-2d6afa508c86",
      "title": "",
      "fullFile": "cypress\\e2e\\api\\createUser.cy.js",
      "file": "cypress\\e2e\\api\\createUser.cy.js",
      "beforeHooks": [],
      "afterHooks": [],
      "tests": [],
      "suites": [
        {
          "uuid": "7f7634f6-faa9-4609-bade-6b383e12d23b",
          "title": "Create User API",
          "fullFile": "",
          "file": "",
          "beforeHooks": [],
          "afterHooks": [],
          "tests": [
            {
              "title": "Should create user successfully",
              "fullTitle": "Create User API Should create user successfully",
              "timedOut": null,
              "duration": 744,
              "state": "passed",
              "speed": "fast",
              "pass": true,
              "fail": false,
              "pending": false,
              "context": null,
              "code": "const user = {\n  nome: _faker.faker.person.fullName(),\n  email: _faker.faker.internet.email(),\n  password: 'teste123',\n  administrador: 'true'\n};\n_userService.UserService.createUser(user).then(response => {\n  expect(response.status).to.eq(201);\n  expect(response.body.message).to.eq('Cadastro realizado com sucesso');\n  expect(response.body).to.have.property('_id');\n});",
              "err": {},
              "uuid": "78ccedb6-dde0-42f7-9df8-bb83633e3960",
              "parentUUID": "7f7634f6-faa9-4609-bade-6b383e12d23b",
              "isHook": false,
              "skipped": false
            }
          ],
          "suites": [],
          "passes": [
            "78ccedb6-dde0-42f7-9df8-bb83633e3960"
          ],
          "failures": [],
          "pending": [],
          "skipped": [],
          "duration": 744,
          "root": false,
          "rootEmpty": false,
          "_timeout": 2000
        }
      ],
      "passes": [],
      "failures": [],
      "pending": [],
      "skipped": [],
      "duration": 0,
      "root": true,
      "rootEmpty": true,
      "_timeout": 2000
    }
  ],
  "meta": {
    "mocha": {
      "version": "7.2.0"
    },
    "mochawesome": {
      "options": {
        "quiet": false,
        "reportFilename": "mochawesome",
        "saveHtml": true,
        "saveJson": true,
        "consoleReporter": "spec",
        "useInlineDiffs": false,
        "code": true
      },
      "version": "7.1.4"
    },
    "marge": {
      "options": {
        "reportDir": "cypress/reports/mochawesome",
        "overwrite": false,
        "html": true,
        "json": true
      },
      "version": "6.3.2"
    }
  }
}