{
  "stats": {
    "suites": 1,
    "tests": 1,
    "passes": 1,
    "pending": 0,
    "failures": 0,
    "start": "2026-05-17T22:23:28.356Z",
    "end": "2026-05-17T22:23:37.981Z",
    "duration": 9625,
    "testsRegistered": 1,
    "passPercent": 100,
    "pendingPercent": 0,
    "other": 0,
    "hasOther": false,
    "skipped": 0,
    "hasSkipped": false
  },
  "results": [
    {
      "uuid": "e420ae21-ad67-4e48-a2d9-696ba35104ff",
      "title": "",
      "fullFile": "cypress\\e2e\\frontend\\product.cy.js",
      "file": "cypress\\e2e\\frontend\\product.cy.js",
      "beforeHooks": [],
      "afterHooks": [],
      "tests": [],
      "suites": [
        {
          "uuid": "c9691253-55ea-4b76-958c-5380e451b102",
          "title": "Product Frontend",
          "fullFile": "",
          "file": "",
          "beforeHooks": [],
          "afterHooks": [],
          "tests": [
            {
              "title": "Should register product successfully",
              "fullTitle": "Product Frontend Should register product successfully",
              "timedOut": null,
              "duration": 9562,
              "state": "passed",
              "speed": "medium",
              "pass": true,
              "fail": false,
              "pending": false,
              "context": null,
              "code": "const product = _productFactory.ProductFactory.createProduct();\ncy.login(this.createdUser.email, this.createdUser.password);\ncy.url().should(\"include\", \"/home\");\nproductPage.accessProductPage();\nproductPage.fillProductName(product.name);\nproductPage.fillPrice(product.price);\nproductPage.fillDescription(product.description);\nproductPage.fillQuantity(product.quantity);\nproductPage.clickRegisterProduct();\ncy.url().should(\"include\", \"/admin/listarprodutos\");\ncy.contains(product.name).should(\"be.visible\");",
              "err": {},
              "uuid": "32a51d1a-7412-4306-bcb1-8abb29886e54",
              "parentUUID": "c9691253-55ea-4b76-958c-5380e451b102",
              "isHook": false,
              "skipped": false
            }
          ],
          "suites": [],
          "passes": [
            "32a51d1a-7412-4306-bcb1-8abb29886e54"
          ],
          "failures": [],
          "pending": [],
          "skipped": [],
          "duration": 9562,
          "root": false,
          "rootEmpty": false,
          "_timeout": 2000
        }
      ],
      "passes": [],
      "failures": [],
      "pending": [],
      "skipped": [],
      "duration": 0,
      "root": true,
      "rootEmpty": true,
      "_timeout": 2000
    }
  ],
  "meta": {
    "mocha": {
      "version": "7.2.0"
    },
    "mochawesome": {
      "options": {
        "quiet": false,
        "reportFilename": "mochawesome",
        "saveHtml": true,
        "saveJson": true,
        "consoleReporter": "spec",
        "useInlineDiffs": false,
        "code": true
      },
      "version": "7.1.4"
    },
    "marge": {
      "options": {
        "reportDir": "cypress/reports/mochawesome",
        "overwrite": false,
        "html": true,
        "json": true
      },
      "version": "6.3.2"
    }
  }
}