{
  "stats": {
    "suites": 1,
    "tests": 1,
    "passes": 1,
    "pending": 0,
    "failures": 0,
    "start": "2026-05-17T21:27:59.273Z",
    "end": "2026-05-17T21:28:03.156Z",
    "duration": 3883,
    "testsRegistered": 1,
    "passPercent": 100,
    "pendingPercent": 0,
    "other": 0,
    "hasOther": false,
    "skipped": 0,
    "hasSkipped": false
  },
  "results": [
    {
      "uuid": "72c337ec-94db-4fc9-aeb3-3910c6cbb340",
      "title": "",
      "fullFile": "cypress\\e2e\\frontend\\register.cy.js",
      "file": "cypress\\e2e\\frontend\\register.cy.js",
      "beforeHooks": [],
      "afterHooks": [],
      "tests": [],
      "suites": [
        {
          "uuid": "6d1cd1fe-2fce-43bc-bc31-04d96b258885",
          "title": "Register Frontend",
          "fullFile": "",
          "file": "",
          "beforeHooks": [],
          "afterHooks": [],
          "tests": [
            {
              "title": "Should register user successfully",
              "fullTitle": "Register Frontend Should register user successfully",
              "timedOut": null,
              "duration": 3823,
              "state": "passed",
              "speed": "fast",
              "pass": true,
              "fail": false,
              "pending": false,
              "context": null,
              "code": "const user = {\n  name: _faker.faker.person.fullName(),\n  email: _faker.faker.internet.email(),\n  password: \"teste123\"\n};\n_registerPage.default.accessRegisterPage();\n_registerPage.default.fillName(user.name);\n_registerPage.default.fillEmail(user.email);\n_registerPage.default.fillPassword(user.password);\n_registerPage.default.clickRegister();\ncy.contains(\"Cadastro realizado com sucesso\").should(\"be.visible\");",
              "err": {},
              "uuid": "1c1cfacc-8807-418e-ae78-5ce24e025c9f",
              "parentUUID": "6d1cd1fe-2fce-43bc-bc31-04d96b258885",
              "isHook": false,
              "skipped": false
            }
          ],
          "suites": [],
          "passes": [
            "1c1cfacc-8807-418e-ae78-5ce24e025c9f"
          ],
          "failures": [],
          "pending": [],
          "skipped": [],
          "duration": 3823,
          "root": false,
          "rootEmpty": false,
          "_timeout": 2000
        }
      ],
      "passes": [],
      "failures": [],
      "pending": [],
      "skipped": [],
      "duration": 0,
      "root": true,
      "rootEmpty": true,
      "_timeout": 2000
    }
  ],
  "meta": {
    "mocha": {
      "version": "7.2.0"
    },
    "mochawesome": {
      "options": {
        "quiet": false,
        "reportFilename": "mochawesome",
        "saveHtml": true,
        "saveJson": true,
        "consoleReporter": "spec",
        "useInlineDiffs": false,
        "code": true
      },
      "version": "7.1.4"
    },
    "marge": {
      "options": {
        "reportDir": "cypress/reports/mochawesome",
        "overwrite": false,
        "html": true,
        "json": true
      },
      "version": "6.3.2"
    }
  }
}