{
  "stats": {
    "suites": 1,
    "tests": 1,
    "passes": 1,
    "pending": 0,
    "failures": 0,
    "start": "2026-05-17T22:59:51.739Z",
    "end": "2026-05-17T23:00:12.284Z",
    "duration": 20545,
    "testsRegistered": 1,
    "passPercent": 100,
    "pendingPercent": 0,
    "other": 0,
    "hasOther": false,
    "skipped": 0,
    "hasSkipped": false
  },
  "results": [
    {
      "uuid": "605196a0-d534-4bfd-89cc-3549bd2b9745",
      "title": "",
      "fullFile": "cypress\\e2e\\frontend\\register.cy.js",
      "file": "cypress\\e2e\\frontend\\register.cy.js",
      "beforeHooks": [],
      "afterHooks": [],
      "tests": [],
      "suites": [
        {
          "uuid": "7493e378-26aa-4e70-aec3-cc71a8f87b0a",
          "title": "Register Frontend",
          "fullFile": "",
          "file": "",
          "beforeHooks": [],
          "afterHooks": [],
          "tests": [
            {
              "title": "Should register user successfully",
              "fullTitle": "Register Frontend Should register user successfully",
              "timedOut": null,
              "duration": 6359,
              "state": "passed",
              "speed": "medium",
              "pass": true,
              "fail": false,
              "pending": false,
              "context": null,
              "code": "const user = _userFactory.UserFactory.createUser();\nregisterPage.accessRegisterPage();\nregisterPage.fillName(user.nome);\nregisterPage.fillEmail(user.email);\nregisterPage.fillPassword(user.password);\nregisterPage.clickRegister();\ncy.url().should('include', '/home');",
              "err": {},
              "uuid": "d7d46c10-af21-4ef0-a732-035c037f09d6",
              "parentUUID": "7493e378-26aa-4e70-aec3-cc71a8f87b0a",
              "isHook": false,
              "skipped": false
            }
          ],
          "suites": [],
          "passes": [
            "d7d46c10-af21-4ef0-a732-035c037f09d6"
          ],
          "failures": [],
          "pending": [],
          "skipped": [],
          "duration": 6359,
          "root": false,
          "rootEmpty": false,
          "_timeout": 2000
        }
      ],
      "passes": [],
      "failures": [],
      "pending": [],
      "skipped": [],
      "duration": 0,
      "root": true,
      "rootEmpty": true,
      "_timeout": 2000
    }
  ],
  "meta": {
    "mocha": {
      "version": "7.2.0"
    },
    "mochawesome": {
      "options": {
        "quiet": false,
        "reportFilename": "mochawesome",
        "saveHtml": true,
        "saveJson": true,
        "consoleReporter": "spec",
        "useInlineDiffs": false,
        "code": true
      },
      "version": "7.1.4"
    },
    "marge": {
      "options": {
        "reportDir": "cypress/reports/mochawesome",
        "overwrite": false,
        "html": true,
        "json": true
      },
      "version": "6.3.2"
    }
  }
}