{
  "stats": {
    "suites": 1,
    "tests": 1,
    "passes": 1,
    "pending": 0,
    "failures": 0,
    "start": "2026-05-18T00:18:50.429Z",
    "end": "2026-05-18T00:18:50.825Z",
    "duration": 396,
    "testsRegistered": 1,
    "passPercent": 100,
    "pendingPercent": 0,
    "other": 0,
    "hasOther": false,
    "skipped": 0,
    "hasSkipped": false
  },
  "results": [
    {
      "uuid": "da791307-9b39-4bd9-bcd7-e86828d4a4d9",
      "title": "",
      "fullFile": "cypress\\e2e\\api\\loginInvalidAPI.cy.js",
      "file": "cypress\\e2e\\api\\loginInvalidAPI.cy.js",
      "beforeHooks": [],
      "afterHooks": [],
      "tests": [],
      "suites": [
        {
          "uuid": "367dd749-6db4-4925-b3bb-9a13dc367911",
          "title": "Invalid Login API",
          "fullFile": "",
          "file": "",
          "beforeHooks": [],
          "afterHooks": [],
          "tests": [
            {
              "title": "Should not login with invalid credentials",
              "fullTitle": "Invalid Login API Should not login with invalid credentials",
              "timedOut": null,
              "duration": 326,
              "state": "passed",
              "speed": "fast",
              "pass": true,
              "fail": false,
              "pending": false,
              "context": null,
              "code": "const credentials = {\n  email: 'invalid@email.com',\n  password: 'wrongPassword'\n};\n_authService.AuthService.login(credentials, false).then(response => {\n  expect(response.status).to.eq(401);\n  expect(response.body.message).to.eq('Email e/ou senha inválidos');\n});",
              "err": {},
              "uuid": "6c446053-8276-412c-b02a-0a90b47e394d",
              "parentUUID": "367dd749-6db4-4925-b3bb-9a13dc367911",
              "isHook": false,
              "skipped": false
            }
          ],
          "suites": [],
          "passes": [
            "6c446053-8276-412c-b02a-0a90b47e394d"
          ],
          "failures": [],
          "pending": [],
          "skipped": [],
          "duration": 326,
          "root": false,
          "rootEmpty": false,
          "_timeout": 2000
        }
      ],
      "passes": [],
      "failures": [],
      "pending": [],
      "skipped": [],
      "duration": 0,
      "root": true,
      "rootEmpty": true,
      "_timeout": 2000
    }
  ],
  "meta": {
    "mocha": {
      "version": "7.2.0"
    },
    "mochawesome": {
      "options": {
        "quiet": false,
        "reportFilename": "mochawesome",
        "saveHtml": true,
        "saveJson": true,
        "consoleReporter": "spec",
        "useInlineDiffs": false,
        "code": true
      },
      "version": "7.1.4"
    },
    "marge": {
      "options": {
        "reportDir": "cypress/reports/mochawesome",
        "overwrite": false,
        "html": true,
        "json": true
      },
      "version": "6.3.2"
    }
  }
}