{
  "stats": {
    "suites": 1,
    "tests": 1,
    "passes": 1,
    "pending": 0,
    "failures": 0,
    "start": "2026-05-17T21:41:14.924Z",
    "end": "2026-05-17T21:41:15.472Z",
    "duration": 548,
    "testsRegistered": 1,
    "passPercent": 100,
    "pendingPercent": 0,
    "other": 0,
    "hasOther": false,
    "skipped": 0,
    "hasSkipped": false
  },
  "results": [
    {
      "uuid": "7f806333-e4ad-4e32-a355-7b7311c68ccf",
      "title": "",
      "fullFile": "cypress\\e2e\\api\\loginAPI.cy.js",
      "file": "cypress\\e2e\\api\\loginAPI.cy.js",
      "beforeHooks": [],
      "afterHooks": [],
      "tests": [],
      "suites": [
        {
          "uuid": "c4ff8e0b-1aab-4b76-9951-4dfc4f4f53a1",
          "title": "Login API",
          "fullFile": "",
          "file": "",
          "beforeHooks": [],
          "afterHooks": [],
          "tests": [
            {
              "title": "Should login successfully",
              "fullTitle": "Login API Should login successfully",
              "timedOut": null,
              "duration": 501,
              "state": "passed",
              "speed": "fast",
              "pass": true,
              "fail": false,
              "pending": false,
              "context": null,
              "code": "const user = _userFactory.UserFactory.createUser();\n_userService.UserService.createUser(user).then(() => {\n  const credentials = {\n    email: user.email,\n    password: user.password\n  };\n  _authService.AuthService.login(credentials).then(response => {\n    expect(response.status).to.eq(200);\n    expect(response.body.message).to.eq(\"Login realizado com sucesso\");\n    expect(response.body).to.have.property(\"authorization\");\n  });\n});",
              "err": {},
              "uuid": "05ae6d18-2a41-4644-ba7f-61bd73c31d65",
              "parentUUID": "c4ff8e0b-1aab-4b76-9951-4dfc4f4f53a1",
              "isHook": false,
              "skipped": false
            }
          ],
          "suites": [],
          "passes": [
            "05ae6d18-2a41-4644-ba7f-61bd73c31d65"
          ],
          "failures": [],
          "pending": [],
          "skipped": [],
          "duration": 501,
          "root": false,
          "rootEmpty": false,
          "_timeout": 2000
        }
      ],
      "passes": [],
      "failures": [],
      "pending": [],
      "skipped": [],
      "duration": 0,
      "root": true,
      "rootEmpty": true,
      "_timeout": 2000
    }
  ],
  "meta": {
    "mocha": {
      "version": "7.2.0"
    },
    "mochawesome": {
      "options": {
        "quiet": false,
        "reportFilename": "mochawesome",
        "saveHtml": true,
        "saveJson": true,
        "consoleReporter": "spec",
        "useInlineDiffs": false,
        "code": true
      },
      "version": "7.1.4"
    },
    "marge": {
      "options": {
        "reportDir": "cypress/reports/mochawesome",
        "overwrite": false,
        "html": true,
        "json": true
      },
      "version": "6.3.2"
    }
  }
}