{
  "stats": {
    "suites": 8,
    "tests": 8,
    "passes": 8,
    "pending": 0,
    "failures": 0,
    "testsRegistered": 8,
    "passPercent": 100,
    "pendingPercent": 0,
    "other": 0,
    "hasOther": false,
    "skipped": 0,
    "hasSkipped": false,
    "start": "2026-05-18T00:18:27.714Z",
    "end": "2026-05-18T00:19:57.882Z",
    "duration": 90168
  },
  "results": [
    {
      "uuid": "46e952ba-ab93-4de7-a098-fddf1ffd6ea8",
      "title": "",
      "fullFile": "cypress\\e2e\\api\\getProducts.cy.js",
      "file": "cypress\\e2e\\api\\getProducts.cy.js",
      "beforeHooks": [],
      "afterHooks": [],
      "tests": [],
      "suites": [
        {
          "uuid": "0fa229bd-53fc-4426-8c82-f4749affc6bb",
          "title": "Get Products API",
          "fullFile": "",
          "file": "",
          "beforeHooks": [],
          "afterHooks": [],
          "tests": [
            {
              "title": "Should list products successfully",
              "fullTitle": "Get Products API Should list products successfully",
              "timedOut": null,
              "duration": 344,
              "state": "passed",
              "speed": "fast",
              "pass": true,
              "fail": false,
              "pending": false,
              "context": null,
              "code": "_productService.ProductService.getProducts().then(response => {\n  expect(response.status).to.eq(200);\n  expect(response.duration).to.be.lessThan(4000);\n  const ajv = new _ajv.default();\n  const validate = ajv.compile(_productSchema.productSchema);\n  const valid = validate(response.body);\n  expect(valid).to.eq(true);\n});",
              "err": {},
              "uuid": "30d8f9b2-5bcf-4681-acef-fd332784380b",
              "parentUUID": "0fa229bd-53fc-4426-8c82-f4749affc6bb",
              "isHook": false,
              "skipped": false
            }
          ],
          "suites": [],
          "passes": [
            "30d8f9b2-5bcf-4681-acef-fd332784380b"
          ],
          "failures": [],
          "pending": [],
          "skipped": [],
          "duration": 344,
          "root": false,
          "rootEmpty": false,
          "_timeout": 2000
        }
      ],
      "passes": [],
      "failures": [],
      "pending": [],
      "skipped": [],
      "duration": 0,
      "root": true,
      "rootEmpty": true,
      "_timeout": 2000
    },
    {
      "uuid": "69738f99-7634-4ed9-b3f4-c5bb2258dfe7",
      "title": "",
      "fullFile": "cypress\\e2e\\api\\loginAPI.cy.js",
      "file": "cypress\\e2e\\api\\loginAPI.cy.js",
      "beforeHooks": [],
      "afterHooks": [],
      "tests": [],
      "suites": [
        {
          "uuid": "2afe2b5c-8195-49d3-959a-43c07e39b596",
          "title": "Login API",
          "fullFile": "",
          "file": "",
          "beforeHooks": [],
          "afterHooks": [],
          "tests": [
            {
              "title": "Should login successfully",
              "fullTitle": "Login API Should login successfully",
              "timedOut": null,
              "duration": 571,
              "state": "passed",
              "speed": "fast",
              "pass": true,
              "fail": false,
              "pending": false,
              "context": null,
              "code": "const user = _userFactory.UserFactory.createUser();\n_userService.UserService.createUser(user).then(() => {\n  const credentials = {\n    email: user.email,\n    password: user.password\n  };\n  _authService.AuthService.login(credentials).then(response => {\n    expect(response.status).to.eq(200);\n    expect(response.body.message).to.eq('Login realizado com sucesso');\n    expect(response.body).to.have.property('authorization');\n  });\n});",
              "err": {},
              "uuid": "9bcd01e3-39aa-42ae-801b-74718118b78b",
              "parentUUID": "2afe2b5c-8195-49d3-959a-43c07e39b596",
              "isHook": false,
              "skipped": false
            }
          ],
          "suites": [],
          "passes": [
            "9bcd01e3-39aa-42ae-801b-74718118b78b"
          ],
          "failures": [],
          "pending": [],
          "skipped": [],
          "duration": 571,
          "root": false,
          "rootEmpty": false,
          "_timeout": 2000
        }
      ],
      "passes": [],
      "failures": [],
      "pending": [],
      "skipped": [],
      "duration": 0,
      "root": true,
      "rootEmpty": true,
      "_timeout": 2000
    },
    {
      "uuid": "da791307-9b39-4bd9-bcd7-e86828d4a4d9",
      "title": "",
      "fullFile": "cypress\\e2e\\api\\loginInvalidAPI.cy.js",
      "file": "cypress\\e2e\\api\\loginInvalidAPI.cy.js",
      "beforeHooks": [],
      "afterHooks": [],
      "tests": [],
      "suites": [
        {
          "uuid": "367dd749-6db4-4925-b3bb-9a13dc367911",
          "title": "Invalid Login API",
          "fullFile": "",
          "file": "",
          "beforeHooks": [],
          "afterHooks": [],
          "tests": [
            {
              "title": "Should not login with invalid credentials",
              "fullTitle": "Invalid Login API Should not login with invalid credentials",
              "timedOut": null,
              "duration": 326,
              "state": "passed",
              "speed": "fast",
              "pass": true,
              "fail": false,
              "pending": false,
              "context": null,
              "code": "const credentials = {\n  email: 'invalid@email.com',\n  password: 'wrongPassword'\n};\n_authService.AuthService.login(credentials, false).then(response => {\n  expect(response.status).to.eq(401);\n  expect(response.body.message).to.eq('Email e/ou senha inválidos');\n});",
              "err": {},
              "uuid": "6c446053-8276-412c-b02a-0a90b47e394d",
              "parentUUID": "367dd749-6db4-4925-b3bb-9a13dc367911",
              "isHook": false,
              "skipped": false
            }
          ],
          "suites": [],
          "passes": [
            "6c446053-8276-412c-b02a-0a90b47e394d"
          ],
          "failures": [],
          "pending": [],
          "skipped": [],
          "duration": 326,
          "root": false,
          "rootEmpty": false,
          "_timeout": 2000
        }
      ],
      "passes": [],
      "failures": [],
      "pending": [],
      "skipped": [],
      "duration": 0,
      "root": true,
      "rootEmpty": true,
      "_timeout": 2000
    },
    {
      "uuid": "acff5f05-567f-4848-ac06-1b9cd425d734",
      "title": "",
      "fullFile": "cypress\\e2e\\frontend\\invalidLogin.cy.js",
      "file": "cypress\\e2e\\frontend\\invalidLogin.cy.js",
      "beforeHooks": [],
      "afterHooks": [],
      "tests": [],
      "suites": [
        {
          "uuid": "f7376a30-06f1-4bfa-85e9-b0c3ef284cf3",
          "title": "Invalid Login Frontend",
          "fullFile": "",
          "file": "",
          "beforeHooks": [],
          "afterHooks": [],
          "tests": [
            {
              "title": "Should display error message for invalid credentials",
              "fullTitle": "Invalid Login Frontend Should display error message for invalid credentials",
              "timedOut": null,
              "duration": 4913,
              "state": "passed",
              "speed": "fast",
              "pass": true,
              "fail": false,
              "pending": false,
              "context": null,
              "code": "loginPage.accessLoginPage();\nloginPage.fillEmail('invalid@email.com');\nloginPage.fillPassword('wrongPassword');\nloginPage.clickLogin();\ncy.contains('Email e/ou senha inválidos').should('be.visible');",
              "err": {},
              "uuid": "5dbf86b2-4b0b-4555-bcb8-1fc909dae495",
              "parentUUID": "f7376a30-06f1-4bfa-85e9-b0c3ef284cf3",
              "isHook": false,
              "skipped": false
            }
          ],
          "suites": [],
          "passes": [
            "5dbf86b2-4b0b-4555-bcb8-1fc909dae495"
          ],
          "failures": [],
          "pending": [],
          "skipped": [],
          "duration": 4913,
          "root": false,
          "rootEmpty": false,
          "_timeout": 2000
        }
      ],
      "passes": [],
      "failures": [],
      "pending": [],
      "skipped": [],
      "duration": 0,
      "root": true,
      "rootEmpty": true,
      "_timeout": 2000
    },
    {
      "uuid": "bdb61958-dded-4fc5-9b7b-fae7fd3d0c0e",
      "title": "",
      "fullFile": "cypress\\e2e\\frontend\\login.cy.js",
      "file": "cypress\\e2e\\frontend\\login.cy.js",
      "beforeHooks": [],
      "afterHooks": [],
      "tests": [],
      "suites": [
        {
          "uuid": "b8fedfbf-8b42-43e0-8447-56d0161c2b2e",
          "title": "Login Frontend",
          "fullFile": "",
          "file": "",
          "beforeHooks": [],
          "afterHooks": [],
          "tests": [
            {
              "title": "Should login successfully",
              "fullTitle": "Login Frontend Should login successfully",
              "timedOut": null,
              "duration": 4069,
              "state": "passed",
              "speed": "fast",
              "pass": true,
              "fail": false,
              "pending": false,
              "context": null,
              "code": "cy.login(this.createdUser.email, this.createdUser.password);\ncy.url().should('include', '/home');",
              "err": {},
              "uuid": "ac1972ab-96ab-47ca-a451-9dc35da2feee",
              "parentUUID": "b8fedfbf-8b42-43e0-8447-56d0161c2b2e",
              "isHook": false,
              "skipped": false
            }
          ],
          "suites": [],
          "passes": [
            "ac1972ab-96ab-47ca-a451-9dc35da2feee"
          ],
          "failures": [],
          "pending": [],
          "skipped": [],
          "duration": 4069,
          "root": false,
          "rootEmpty": false,
          "_timeout": 2000
        }
      ],
      "passes": [],
      "failures": [],
      "pending": [],
      "skipped": [],
      "duration": 0,
      "root": true,
      "rootEmpty": true,
      "_timeout": 2000
    },
    {
      "uuid": "7dcb16bc-bf1d-4e35-8268-8ce9d9151948",
      "title": "",
      "fullFile": "cypress\\e2e\\frontend\\product.cy.js",
      "file": "cypress\\e2e\\frontend\\product.cy.js",
      "beforeHooks": [],
      "afterHooks": [],
      "tests": [],
      "suites": [
        {
          "uuid": "41a482c4-d59e-45df-9875-2d3db6e44cbd",
          "title": "Product Frontend",
          "fullFile": "",
          "file": "",
          "beforeHooks": [],
          "afterHooks": [],
          "tests": [
            {
              "title": "Should register product successfully",
              "fullTitle": "Product Frontend Should register product successfully",
              "timedOut": null,
              "duration": 9486,
              "state": "passed",
              "speed": "medium",
              "pass": true,
              "fail": false,
              "pending": false,
              "context": null,
              "code": "const product = _productFactory.ProductFactory.createProduct();\ncy.login(this.createdUser.email, this.createdUser.password);\ncy.url().should('include', '/home');\nproductPage.accessProductPage();\nproductPage.fillProductName(product.name);\nproductPage.fillPrice(product.price);\nproductPage.fillDescription(product.description);\nproductPage.fillQuantity(product.quantity);\nproductPage.clickRegisterProduct();\ncy.url().should('include', '/admin/listarprodutos');\ncy.contains(product.name).should('be.visible');",
              "err": {},
              "uuid": "1a225bd8-62ad-4ee4-bfb3-10301cc2639e",
              "parentUUID": "41a482c4-d59e-45df-9875-2d3db6e44cbd",
              "isHook": false,
              "skipped": false
            }
          ],
          "suites": [],
          "passes": [
            "1a225bd8-62ad-4ee4-bfb3-10301cc2639e"
          ],
          "failures": [],
          "pending": [],
          "skipped": [],
          "duration": 9486,
          "root": false,
          "rootEmpty": false,
          "_timeout": 2000
        }
      ],
      "passes": [],
      "failures": [],
      "pending": [],
      "skipped": [],
      "duration": 0,
      "root": true,
      "rootEmpty": true,
      "_timeout": 2000
    },
    {
      "uuid": "69a4f9eb-86d6-4ccb-a836-8afca1617d51",
      "title": "",
      "fullFile": "cypress\\e2e\\frontend\\register.cy.js",
      "file": "cypress\\e2e\\frontend\\register.cy.js",
      "beforeHooks": [],
      "afterHooks": [],
      "tests": [],
      "suites": [
        {
          "uuid": "e039279e-5e3e-4716-9a1a-cdb832e0be31",
          "title": "Register Frontend",
          "fullFile": "",
          "file": "",
          "beforeHooks": [],
          "afterHooks": [],
          "tests": [
            {
              "title": "Should register user successfully",
              "fullTitle": "Register Frontend Should register user successfully",
              "timedOut": null,
              "duration": 6051,
              "state": "passed",
              "speed": "medium",
              "pass": true,
              "fail": false,
              "pending": false,
              "context": null,
              "code": "const user = _userFactory.UserFactory.createUser();\nregisterPage.accessRegisterPage();\nregisterPage.fillName(user.nome);\nregisterPage.fillEmail(user.email);\nregisterPage.fillPassword(user.password);\nregisterPage.clickRegister();\ncy.url().should('include', '/home');",
              "err": {},
              "uuid": "96a5e08e-0fe3-46ce-acd6-caaf2a8de27c",
              "parentUUID": "e039279e-5e3e-4716-9a1a-cdb832e0be31",
              "isHook": false,
              "skipped": false
            }
          ],
          "suites": [],
          "passes": [
            "96a5e08e-0fe3-46ce-acd6-caaf2a8de27c"
          ],
          "failures": [],
          "pending": [],
          "skipped": [],
          "duration": 6051,
          "root": false,
          "rootEmpty": false,
          "_timeout": 2000
        }
      ],
      "passes": [],
      "failures": [],
      "pending": [],
      "skipped": [],
      "duration": 0,
      "root": true,
      "rootEmpty": true,
      "_timeout": 2000
    },
    {
      "uuid": "f75b9ada-dcbe-4dbc-a3fc-53563634fd94",
      "title": "",
      "fullFile": "cypress\\e2e\\api\\createUser.cy.js",
      "file": "cypress\\e2e\\api\\createUser.cy.js",
      "beforeHooks": [],
      "afterHooks": [],
      "tests": [],
      "suites": [
        {
          "uuid": "da5020d5-37ad-4d5a-a4ee-bf4311e485bd",
          "title": "Create User API",
          "fullFile": "",
          "file": "",
          "beforeHooks": [],
          "afterHooks": [],
          "tests": [
            {
              "title": "Should create user successfully",
              "fullTitle": "Create User API Should create user successfully",
              "timedOut": null,
              "duration": 642,
              "state": "passed",
              "speed": "fast",
              "pass": true,
              "fail": false,
              "pending": false,
              "context": null,
              "code": "const user = _userFactory.UserFactory.createUser();\n_userService.UserService.createUser(user).then(response => {\n  userId = response.body._id;\n  expect(response.status).to.eq(201);\n  expect(response.body.message).to.eq('Cadastro realizado com sucesso');\n  expect(response.body).to.have.property('_id');\n});",
              "err": {},
              "uuid": "e481b8f7-7f26-44aa-99f3-3b160de025b8",
              "parentUUID": "da5020d5-37ad-4d5a-a4ee-bf4311e485bd",
              "isHook": false,
              "skipped": false
            }
          ],
          "suites": [],
          "passes": [
            "e481b8f7-7f26-44aa-99f3-3b160de025b8"
          ],
          "failures": [],
          "pending": [],
          "skipped": [],
          "duration": 642,
          "root": false,
          "rootEmpty": false,
          "_timeout": 2000
        }
      ],
      "passes": [],
      "failures": [],
      "pending": [],
      "skipped": [],
      "duration": 0,
      "root": true,
      "rootEmpty": true,
      "_timeout": 2000
    }
  ],
  "meta": {
    "mocha": {
      "version": "7.2.0"
    },
    "mochawesome": {
      "options": {
        "quiet": false,
        "reportFilename": "mochawesome",
        "saveHtml": true,
        "saveJson": true,
        "consoleReporter": "spec",
        "useInlineDiffs": false,
        "code": true
      },
      "version": "7.1.4"
    },
    "marge": {
      "options": {
        "reportDir": "cypress/reports/mochawesome",
        "overwrite": false,
        "html": true,
        "json": true
      },
      "version": "6.3.2"
    }
  }
}