{
  "stats": {
    "suites": 8,
    "tests": 8,
    "passes": 8,
    "pending": 0,
    "failures": 0,
    "testsRegistered": 8,
    "passPercent": 100,
    "pendingPercent": 0,
    "other": 0,
    "hasOther": false,
    "skipped": 0,
    "hasSkipped": false,
    "start": "2026-05-17T21:40:59.746Z",
    "end": "2026-05-17T21:42:10.557Z",
    "duration": 70811
  },
  "results": [
    {
      "uuid": "b424b8ea-a7c0-41f2-a34a-19de1cd22c2f",
      "title": "",
      "fullFile": "cypress\\e2e\\api\\getProducts.cy.js",
      "file": "cypress\\e2e\\api\\getProducts.cy.js",
      "beforeHooks": [],
      "afterHooks": [],
      "tests": [],
      "suites": [
        {
          "uuid": "ba8d8678-5ef7-4bff-8d20-61378537c86f",
          "title": "Get Products API",
          "fullFile": "",
          "file": "",
          "beforeHooks": [],
          "afterHooks": [],
          "tests": [
            {
              "title": "Should list products successfully",
              "fullTitle": "Get Products API Should list products successfully",
              "timedOut": null,
              "duration": 353,
              "state": "passed",
              "speed": "fast",
              "pass": true,
              "fail": false,
              "pending": false,
              "context": null,
              "code": "_productService.ProductService.getProducts().then(response => {\n  expect(response.status).to.eq(200);\n  expect(response.duration).to.be.lessThan(2000);\n  const ajv = new _ajv.default();\n  const validate = ajv.compile(_productSchema.productSchema);\n  const valid = validate(response.body);\n  expect(valid).to.eq(true);\n});",
              "err": {},
              "uuid": "6c055fc4-5aac-45fd-8e41-61839923b365",
              "parentUUID": "ba8d8678-5ef7-4bff-8d20-61378537c86f",
              "isHook": false,
              "skipped": false
            }
          ],
          "suites": [],
          "passes": [
            "6c055fc4-5aac-45fd-8e41-61839923b365"
          ],
          "failures": [],
          "pending": [],
          "skipped": [],
          "duration": 353,
          "root": false,
          "rootEmpty": false,
          "_timeout": 2000
        }
      ],
      "passes": [],
      "failures": [],
      "pending": [],
      "skipped": [],
      "duration": 0,
      "root": true,
      "rootEmpty": true,
      "_timeout": 2000
    },
    {
      "uuid": "7f806333-e4ad-4e32-a355-7b7311c68ccf",
      "title": "",
      "fullFile": "cypress\\e2e\\api\\loginAPI.cy.js",
      "file": "cypress\\e2e\\api\\loginAPI.cy.js",
      "beforeHooks": [],
      "afterHooks": [],
      "tests": [],
      "suites": [
        {
          "uuid": "c4ff8e0b-1aab-4b76-9951-4dfc4f4f53a1",
          "title": "Login API",
          "fullFile": "",
          "file": "",
          "beforeHooks": [],
          "afterHooks": [],
          "tests": [
            {
              "title": "Should login successfully",
              "fullTitle": "Login API Should login successfully",
              "timedOut": null,
              "duration": 501,
              "state": "passed",
              "speed": "fast",
              "pass": true,
              "fail": false,
              "pending": false,
              "context": null,
              "code": "const user = _userFactory.UserFactory.createUser();\n_userService.UserService.createUser(user).then(() => {\n  const credentials = {\n    email: user.email,\n    password: user.password\n  };\n  _authService.AuthService.login(credentials).then(response => {\n    expect(response.status).to.eq(200);\n    expect(response.body.message).to.eq(\"Login realizado com sucesso\");\n    expect(response.body).to.have.property(\"authorization\");\n  });\n});",
              "err": {},
              "uuid": "05ae6d18-2a41-4644-ba7f-61bd73c31d65",
              "parentUUID": "c4ff8e0b-1aab-4b76-9951-4dfc4f4f53a1",
              "isHook": false,
              "skipped": false
            }
          ],
          "suites": [],
          "passes": [
            "05ae6d18-2a41-4644-ba7f-61bd73c31d65"
          ],
          "failures": [],
          "pending": [],
          "skipped": [],
          "duration": 501,
          "root": false,
          "rootEmpty": false,
          "_timeout": 2000
        }
      ],
      "passes": [],
      "failures": [],
      "pending": [],
      "skipped": [],
      "duration": 0,
      "root": true,
      "rootEmpty": true,
      "_timeout": 2000
    },
    {
      "uuid": "5afdb0ae-1a2a-4ffc-9905-3ae513254eee",
      "title": "",
      "fullFile": "cypress\\e2e\\api\\loginInvalidAPI.cy.js",
      "file": "cypress\\e2e\\api\\loginInvalidAPI.cy.js",
      "beforeHooks": [],
      "afterHooks": [],
      "tests": [],
      "suites": [
        {
          "uuid": "ca81f729-ef49-443a-af55-46de51e7384d",
          "title": "Invalid Login API",
          "fullFile": "",
          "file": "",
          "beforeHooks": [],
          "afterHooks": [],
          "tests": [
            {
              "title": "Should not login with invalid credentials",
              "fullTitle": "Invalid Login API Should not login with invalid credentials",
              "timedOut": null,
              "duration": 316,
              "state": "passed",
              "speed": "fast",
              "pass": true,
              "fail": false,
              "pending": false,
              "context": null,
              "code": "const credentials = {\n  email: \"invalid@email.com\",\n  password: \"wrongpassword\"\n};\n_authService.AuthService.login(credentials, false).then(response => {\n  expect(response.status).to.eq(401);\n  expect(response.body.message).to.eq(\"Email e/ou senha inválidos\");\n});",
              "err": {},
              "uuid": "da50ed20-b154-4742-bc96-f067adc66b09",
              "parentUUID": "ca81f729-ef49-443a-af55-46de51e7384d",
              "isHook": false,
              "skipped": false
            }
          ],
          "suites": [],
          "passes": [
            "da50ed20-b154-4742-bc96-f067adc66b09"
          ],
          "failures": [],
          "pending": [],
          "skipped": [],
          "duration": 316,
          "root": false,
          "rootEmpty": false,
          "_timeout": 2000
        }
      ],
      "passes": [],
      "failures": [],
      "pending": [],
      "skipped": [],
      "duration": 0,
      "root": true,
      "rootEmpty": true,
      "_timeout": 2000
    },
    {
      "uuid": "8e5094e2-82c4-4868-aa7b-aa1a9d30ba1d",
      "title": "",
      "fullFile": "cypress\\e2e\\frontend\\invalidLogin.cy.js",
      "file": "cypress\\e2e\\frontend\\invalidLogin.cy.js",
      "beforeHooks": [],
      "afterHooks": [],
      "tests": [],
      "suites": [
        {
          "uuid": "f748aa57-e326-4cce-9b00-4a67a2af7aa3",
          "title": "Invalid Login Frontend",
          "fullFile": "",
          "file": "",
          "beforeHooks": [],
          "afterHooks": [],
          "tests": [
            {
              "title": "Should display error message with invalid credentials",
              "fullTitle": "Invalid Login Frontend Should display error message with invalid credentials",
              "timedOut": null,
              "duration": 4429,
              "state": "passed",
              "speed": "fast",
              "pass": true,
              "fail": false,
              "pending": false,
              "context": null,
              "code": "cy.visit(\"/login\");\nloginPage.fillEmail(\"invalid@email.com\");\nloginPage.fillPassword(\"wrongpassword\");\nloginPage.clickLogin();\ncy.contains(\"Email e/ou senha inválidos\").should(\"be.visible\");",
              "err": {},
              "uuid": "661aba04-8170-40df-967f-5f21fca36fc9",
              "parentUUID": "f748aa57-e326-4cce-9b00-4a67a2af7aa3",
              "isHook": false,
              "skipped": false
            }
          ],
          "suites": [],
          "passes": [
            "661aba04-8170-40df-967f-5f21fca36fc9"
          ],
          "failures": [],
          "pending": [],
          "skipped": [],
          "duration": 4429,
          "root": false,
          "rootEmpty": false,
          "_timeout": 2000
        }
      ],
      "passes": [],
      "failures": [],
      "pending": [],
      "skipped": [],
      "duration": 0,
      "root": true,
      "rootEmpty": true,
      "_timeout": 2000
    },
    {
      "uuid": "c3200bcc-6f4c-4a60-b240-ed445e403de0",
      "title": "",
      "fullFile": "cypress\\e2e\\frontend\\login.cy.js",
      "file": "cypress\\e2e\\frontend\\login.cy.js",
      "beforeHooks": [],
      "afterHooks": [],
      "tests": [],
      "suites": [
        {
          "uuid": "c5eb29dd-0240-45ee-acdc-16ea30536320",
          "title": "Login Frontend",
          "fullFile": "",
          "file": "",
          "beforeHooks": [],
          "afterHooks": [],
          "tests": [
            {
              "title": "Should login successfully",
              "fullTitle": "Login Frontend Should login successfully",
              "timedOut": null,
              "duration": 3453,
              "state": "passed",
              "speed": "fast",
              "pass": true,
              "fail": false,
              "pending": false,
              "context": null,
              "code": "cy.login(this.createdUser.email, this.createdUser.password);\ncy.url({\n  timeout: 10000\n}).should(\"include\", \"/home\");\ncy.contains(\"Home\").should(\"be.visible\");",
              "err": {},
              "uuid": "2ea1383f-9d00-4a19-9d8c-8dbfef32ac38",
              "parentUUID": "c5eb29dd-0240-45ee-acdc-16ea30536320",
              "isHook": false,
              "skipped": false
            }
          ],
          "suites": [],
          "passes": [
            "2ea1383f-9d00-4a19-9d8c-8dbfef32ac38"
          ],
          "failures": [],
          "pending": [],
          "skipped": [],
          "duration": 3453,
          "root": false,
          "rootEmpty": false,
          "_timeout": 2000
        }
      ],
      "passes": [],
      "failures": [],
      "pending": [],
      "skipped": [],
      "duration": 0,
      "root": true,
      "rootEmpty": true,
      "_timeout": 2000
    },
    {
      "uuid": "8a3fadb8-7d84-4fac-998e-baa098b3f846",
      "title": "",
      "fullFile": "cypress\\e2e\\frontend\\product.cy.js",
      "file": "cypress\\e2e\\frontend\\product.cy.js",
      "beforeHooks": [],
      "afterHooks": [],
      "tests": [],
      "suites": [
        {
          "uuid": "20683481-4b5c-4189-b391-e3b1aedebd58",
          "title": "Product Frontend",
          "fullFile": "",
          "file": "",
          "beforeHooks": [],
          "afterHooks": [],
          "tests": [
            {
              "title": "Should register product successfully",
              "fullTitle": "Product Frontend Should register product successfully",
              "timedOut": null,
              "duration": 10354,
              "state": "passed",
              "speed": "slow",
              "pass": true,
              "fail": false,
              "pending": false,
              "context": null,
              "code": "const product = _productFactory.ProductFactory.createProduct();\ncy.login(this.createdUser.email, this.createdUser.password);\ncy.url().should(\"include\", \"/home\");\nproductPage.accessProductPage();\nproductPage.fillProductName(product.name);\nproductPage.fillPrice(product.price);\nproductPage.fillDescription(product.description);\nproductPage.fillQuantity(product.quantity);\nproductPage.clickRegisterProduct();\ncy.url().should(\"include\", \"/admin/listarprodutos\");\ncy.contains(product.name).should(\"be.visible\");",
              "err": {},
              "uuid": "6c64f0d2-964d-49fa-bbd9-756908dff2cc",
              "parentUUID": "20683481-4b5c-4189-b391-e3b1aedebd58",
              "isHook": false,
              "skipped": false
            }
          ],
          "suites": [],
          "passes": [
            "6c64f0d2-964d-49fa-bbd9-756908dff2cc"
          ],
          "failures": [],
          "pending": [],
          "skipped": [],
          "duration": 10354,
          "root": false,
          "rootEmpty": false,
          "_timeout": 2000
        }
      ],
      "passes": [],
      "failures": [],
      "pending": [],
      "skipped": [],
      "duration": 0,
      "root": true,
      "rootEmpty": true,
      "_timeout": 2000
    },
    {
      "uuid": "02b032c7-c5ce-49ff-b4ec-a40118dc6a31",
      "title": "",
      "fullFile": "cypress\\e2e\\frontend\\register.cy.js",
      "file": "cypress\\e2e\\frontend\\register.cy.js",
      "beforeHooks": [],
      "afterHooks": [],
      "tests": [],
      "suites": [
        {
          "uuid": "d7bfec61-dded-4220-ab22-e88992493c9d",
          "title": "Register Frontend",
          "fullFile": "",
          "file": "",
          "beforeHooks": [],
          "afterHooks": [],
          "tests": [
            {
              "title": "Should register user successfully",
              "fullTitle": "Register Frontend Should register user successfully",
              "timedOut": null,
              "duration": 3987,
              "state": "passed",
              "speed": "fast",
              "pass": true,
              "fail": false,
              "pending": false,
              "context": null,
              "code": "const user = {\n  name: _faker.faker.person.fullName(),\n  email: _faker.faker.internet.email(),\n  password: \"teste123\"\n};\n_registerPage.default.accessRegisterPage();\n_registerPage.default.fillName(user.name);\n_registerPage.default.fillEmail(user.email);\n_registerPage.default.fillPassword(user.password);\n_registerPage.default.clickRegister();\ncy.contains(\"Cadastro realizado com sucesso\").should(\"be.visible\");",
              "err": {},
              "uuid": "cc4b3052-975d-4d40-b97a-c017bfd21a77",
              "parentUUID": "d7bfec61-dded-4220-ab22-e88992493c9d",
              "isHook": false,
              "skipped": false
            }
          ],
          "suites": [],
          "passes": [
            "cc4b3052-975d-4d40-b97a-c017bfd21a77"
          ],
          "failures": [],
          "pending": [],
          "skipped": [],
          "duration": 3987,
          "root": false,
          "rootEmpty": false,
          "_timeout": 2000
        }
      ],
      "passes": [],
      "failures": [],
      "pending": [],
      "skipped": [],
      "duration": 0,
      "root": true,
      "rootEmpty": true,
      "_timeout": 2000
    },
    {
      "uuid": "4691a723-a0b5-4552-a2cb-2d6afa508c86",
      "title": "",
      "fullFile": "cypress\\e2e\\api\\createUser.cy.js",
      "file": "cypress\\e2e\\api\\createUser.cy.js",
      "beforeHooks": [],
      "afterHooks": [],
      "tests": [],
      "suites": [
        {
          "uuid": "7f7634f6-faa9-4609-bade-6b383e12d23b",
          "title": "Create User API",
          "fullFile": "",
          "file": "",
          "beforeHooks": [],
          "afterHooks": [],
          "tests": [
            {
              "title": "Should create user successfully",
              "fullTitle": "Create User API Should create user successfully",
              "timedOut": null,
              "duration": 744,
              "state": "passed",
              "speed": "fast",
              "pass": true,
              "fail": false,
              "pending": false,
              "context": null,
              "code": "const user = {\n  nome: _faker.faker.person.fullName(),\n  email: _faker.faker.internet.email(),\n  password: 'teste123',\n  administrador: 'true'\n};\n_userService.UserService.createUser(user).then(response => {\n  expect(response.status).to.eq(201);\n  expect(response.body.message).to.eq('Cadastro realizado com sucesso');\n  expect(response.body).to.have.property('_id');\n});",
              "err": {},
              "uuid": "78ccedb6-dde0-42f7-9df8-bb83633e3960",
              "parentUUID": "7f7634f6-faa9-4609-bade-6b383e12d23b",
              "isHook": false,
              "skipped": false
            }
          ],
          "suites": [],
          "passes": [
            "78ccedb6-dde0-42f7-9df8-bb83633e3960"
          ],
          "failures": [],
          "pending": [],
          "skipped": [],
          "duration": 744,
          "root": false,
          "rootEmpty": false,
          "_timeout": 2000
        }
      ],
      "passes": [],
      "failures": [],
      "pending": [],
      "skipped": [],
      "duration": 0,
      "root": true,
      "rootEmpty": true,
      "_timeout": 2000
    }
  ],
  "meta": {
    "mocha": {
      "version": "7.2.0"
    },
    "mochawesome": {
      "options": {
        "quiet": false,
        "reportFilename": "mochawesome",
        "saveHtml": true,
        "saveJson": true,
        "consoleReporter": "spec",
        "useInlineDiffs": false,
        "code": true
      },
      "version": "7.1.4"
    },
    "marge": {
      "options": {
        "reportDir": "cypress/reports/mochawesome",
        "overwrite": false,
        "html": true,
        "json": true
      },
      "version": "6.3.2"
    }
  }
}